Started by GitHub push by Ahmeddhib
Lightweight checkout support not available, falling back to full checkout.
Checking out git https://github.com/Ahmeddhib/test_spring_boot.git into /var/lib/jenkins/workspace/webhookProject@script/960fc973367c9abfc118ed6b52b40e35e5334ca77dde44061d35dbc202a054d3 to read Jenkinsfile
Selected Git installation does not exist. Using Default
The recommended git tool is: NONE
using credential ahmeddhib
 > git rev-parse --resolve-git-dir /var/lib/jenkins/workspace/webhookProject@script/960fc973367c9abfc118ed6b52b40e35e5334ca77dde44061d35dbc202a054d3/.git # timeout=10
Fetching changes from the remote Git repository
 > git config remote.origin.url https://github.com/Ahmeddhib/test_spring_boot.git # timeout=10
Fetching upstream changes from https://github.com/Ahmeddhib/test_spring_boot.git
 > git --version # timeout=10
 > git --version # 'git version 2.25.1'
using GIT_ASKPASS to set credentials 
 > git fetch --tags --force --progress -- https://github.com/Ahmeddhib/test_spring_boot.git +refs/heads/*:refs/remotes/origin/* # timeout=10
Seen branch in repository origin/main
Seen 1 remote branch
 > git show-ref --tags -d # timeout=10
Checking out Revision eb92ab7374344b6960554bbb661b59adf6a87b6d (origin/main)
 > git config core.sparsecheckout # timeout=10
 > git checkout -f eb92ab7374344b6960554bbb661b59adf6a87b6d # timeout=10
Commit message: "fix some issue"
 > git rev-list --no-walk 26487d38505c657b3a263b7884a16245443e829a # timeout=10
[Pipeline] Start of Pipeline
[Pipeline] node
Running on Jenkins
 in /var/lib/jenkins/workspace/webhookProject
[Pipeline] {
[Pipeline] stage
[Pipeline] { (Declarative: Checkout SCM)
[Pipeline] checkout
Selected Git installation does not exist. Using Default
The recommended git tool is: NONE
using credential ahmeddhib
 > git rev-parse --resolve-git-dir /var/lib/jenkins/workspace/webhookProject/.git # timeout=10
Fetching changes from the remote Git repository
 > git config remote.origin.url https://github.com/Ahmeddhib/test_spring_boot.git # timeout=10
Fetching upstream changes from https://github.com/Ahmeddhib/test_spring_boot.git
 > git --version # timeout=10
 > git --version # 'git version 2.25.1'
using GIT_ASKPASS to set credentials 
 > git fetch --tags --force --progress -- https://github.com/Ahmeddhib/test_spring_boot.git +refs/heads/*:refs/remotes/origin/* # timeout=10
Seen branch in repository origin/main
Seen 1 remote branch
 > git show-ref --tags -d # timeout=10
Checking out Revision eb92ab7374344b6960554bbb661b59adf6a87b6d (origin/main)
 > git config core.sparsecheckout # timeout=10
 > git checkout -f eb92ab7374344b6960554bbb661b59adf6a87b6d # timeout=10
Commit message: "fix some issue"
[Pipeline] }
[Pipeline] // stage
[Pipeline] withEnv
[Pipeline] {
[Pipeline] withEnv
[Pipeline] {
[Pipeline] timeout
Timeout set to expire in 30 mn
[Pipeline] {
[Pipeline] stage
[Pipeline] { (Declarative: Tool Install)
[Pipeline] tool
[Pipeline] envVarsForTool
[Pipeline] }
[Pipeline] // stage
[Pipeline] withEnv
[Pipeline] {
[Pipeline] stage
[Pipeline] { (D√©tection du d√©clencheur)
[Pipeline] tool
[Pipeline] envVarsForTool
[Pipeline] withEnv
[Pipeline] {
[Pipeline] script
[Pipeline] {
[Pipeline] echo
üöÄ Build d√©clench√© par Webhook GitHub
[Pipeline] }
[Pipeline] // script
[Pipeline] }
[Pipeline] // withEnv
[Pipeline] }
[Pipeline] // stage
[Pipeline] stage
[Pipeline] { (Checkout du Code)
[Pipeline] tool
[Pipeline] envVarsForTool
[Pipeline] withEnv
[Pipeline] {
[Pipeline] git
Selected Git installation does not exist. Using Default
The recommended git tool is: NONE
using credential ahmeddhib
 > git rev-parse --resolve-git-dir /var/lib/jenkins/workspace/webhookProject/.git # timeout=10
Fetching changes from the remote Git repository
 > git config remote.origin.url https://github.com/Ahmeddhib/test_spring_boot.git # timeout=10
Fetching upstream changes from https://github.com/Ahmeddhib/test_spring_boot.git
 > git --version # timeout=10
 > git --version # 'git version 2.25.1'
using GIT_ASKPASS to set credentials 
 > git fetch --tags --force --progress -- https://github.com/Ahmeddhib/test_spring_boot.git +refs/heads/*:refs/remotes/origin/* # timeout=10
 > git rev-parse refs/remotes/origin/main^{commit} # timeout=10
Checking out Revision eb92ab7374344b6960554bbb661b59adf6a87b6d (refs/remotes/origin/main)
 > git config core.sparsecheckout # timeout=10
 > git checkout -f eb92ab7374344b6960554bbb661b59adf6a87b6d # timeout=10
 > git branch -a -v --no-abbrev # timeout=10
 > git branch -D main # timeout=10
 > git checkout -b main eb92ab7374344b6960554bbb661b59adf6a87b6d # timeout=10
Commit message: "fix some issue"
[Pipeline] }
[Pipeline] // withEnv
[Pipeline] }
[Pipeline] // stage
[Pipeline] stage
[Pipeline] { (Build avec Maven)
[Pipeline] tool
[Pipeline] envVarsForTool
[Pipeline] withEnv
[Pipeline] {
[Pipeline] sh
+ mvn clean install -Dmaven.test.skip=true
[INFO] Scanning for projects...
[INFO] 
[INFO] ---------------< com.test_spring_boot:test_spring_boot >----------------
[INFO] Building test_spring_boot 0.0.1-SNAPSHOT
[INFO]   from pom.xml
[INFO] --------------------------------[ jar ]---------------------------------
Downloading from central: https://repo.maven.apache.org/maven2/org/postgresql/postgresql/42.7.2/postgresql-42.7.2.pom
Progress (1): 1.3 kB
Progress (1): 3.1 kB
Progress (1): 3.1 kB
                    
Downloaded from central: https://repo.maven.apache.org/maven2/org/postgresql/postgresql/42.7.2/postgresql-42.7.2.pom (3.1 kB at 1.0 kB/s)
Downloading from central: https://repo.maven.apache.org/maven2/org/checkerframework/checker-qual/3.42.0/checker-qual-3.42.0.pom
Progress (1): 939 B
Progress (1): 2.1 kB
                    
Downloaded from central: https://repo.maven.apache.org/maven2/org/checkerframework/checker-qual/3.42.0/checker-qual-3.42.0.pom (2.1 kB at 19 kB/s)
Downloading from central: https://repo.maven.apache.org/maven2/org/postgresql/postgresql/42.7.2/postgresql-42.7.2.jar
Progress (1): 0/1.1 MB
Progress (1): 0/1.1 MB
Progress (1): 0/1.1 MB
Progress (1): 0/1.1 MB
Progress (1): 0/1.1 MB
Progress (1): 0/1.1 MB
Progress (1): 0/1.1 MB
Progress (1): 0/1.1 MB
Progress (1): 0/1.1 MB
Progress (1): 0/1.1 MB
Progress (1): 0/1.1 MB
Progress (1): 0/1.1 MB
Progress (1): 0/1.1 MB
Progress (1): 0/1.1 MB
Progress (1): 0/1.1 MB
Progress (1): 0/1.1 MB
Progress (1): 0/1.1 MB
Progress (1): 0/1.1 MB
Progress (1): 0/1.1 MB
Progress (1): 0/1.1 MB
Progress (1): 0/1.1 MB
Progress (1): 0/1.1 MB
Progress (1): 0/1.1 MB
Progress (1): 0/1.1 MB
Progress (1): 0/1.1 MB
Progress (1): 0/1.1 MB
Progress (1): 0/1.1 MB
Progress (1): 0/1.1 MB
Progress (1): 0/1.1 MB
Progress (1): 0/1.1 MB
Progress (1): 0/1.1 MB
Progress (1): 0/1.1 MB
Progress (1): 0/1.1 MB
Progress (1): 0/1.1 MB
Progress (1): 0/1.1 MB
Progress (1): 0/1.1 MB
Progress (1): 0.1/1.1 MB
Progress (1): 0.1/1.1 MB
Progress (1): 0.1/1.1 MB
Progress (1): 0.1/1.1 MB
Progress (1): 0.1/1.1 MB
Progress (1): 0.1/1.1 MB
Progress (1): 0.1/1.1 MB
Progress (1): 0.1/1.1 MB
Progress (1): 0.1/1.1 MB
Progress (1): 0.1/1.1 MB
Progress (1): 0.1/1.1 MB
Progress (1): 0.1/1.1 MB
Progress (1): 0.1/1.1 MB
Progress (1): 0.1/1.1 MB
Progress (1): 0.1/1.1 MB
Progress (1): 0.1/1.1 MB
Progress (1): 0.1/1.1 MB
Progress (1): 0.1/1.1 MB
Progress (1): 0.1/1.1 MB
Progress (1): 0.1/1.1 MB
Progress (1): 0.1/1.1 MB
Progress (1): 0.1/1.1 MB
Progress (1): 0.1/1.1 MB
Progress (1): 0.1/1.1 MB
Progress (1): 0.2/1.1 MB
Progress (1): 0.2/1.1 MB
Progress (1): 0.2/1.1 MB
Progress (1): 0.2/1.1 MB
Progress (1): 0.2/1.1 MB
Progress (1): 0.2/1.1 MB
Progress (1): 0.2/1.1 MB
Progress (1): 0.2/1.1 MB
Progress (1): 0.2/1.1 MB
Progress (1): 0.2/1.1 MB
Progress (1): 0.2/1.1 MB
Progress (1): 0.2/1.1 MB
Progress (1): 0.2/1.1 MB
Progress (1): 0.2/1.1 MB
Progress (1): 0.2/1.1 MB
Progress (1): 0.2/1.1 MB
Progress (1): 0.2/1.1 MB
Progress (1): 0.2/1.1 MB
Progress (1): 0.3/1.1 MB
Progress (1): 0.3/1.1 MB
Progress (1): 0.3/1.1 MB
Progress (1): 0.3/1.1 MB
Progress (1): 0.3/1.1 MB
Progress (1): 0.3/1.1 MB
Progress (1): 0.3/1.1 MB
Progress (1): 0.4/1.1 MB
Progress (1): 0.4/1.1 MB
Progress (1): 0.4/1.1 MB
Progress (1): 0.4/1.1 MB
Progress (1): 0.4/1.1 MB
Progress (1): 0.4/1.1 MB
Progress (1): 0.4/1.1 MB
Progress (1): 0.4/1.1 MB
Progress (1): 0.5/1.1 MB
Progress (1): 0.5/1.1 MB
Progress (1): 0.5/1.1 MB
Progress (1): 0.5/1.1 MB
Progress (1): 0.5/1.1 MB
Progress (1): 0.5/1.1 MB
Progress (1): 0.5/1.1 MB
Progress (1): 0.5/1.1 MB
Progress (1): 0.6/1.1 MB
Progress (1): 0.6/1.1 MB
Progress (1): 0.6/1.1 MB
Progress (1): 0.6/1.1 MB
Progress (1): 0.6/1.1 MB
Progress (1): 0.6/1.1 MB
Progress (1): 0.7/1.1 MB
Progress (1): 0.7/1.1 MB
Progress (1): 0.7/1.1 MB
Progress (1): 0.7/1.1 MB
Progress (1): 0.7/1.1 MB
Progress (1): 0.7/1.1 MB
Progress (1): 0.7/1.1 MB
Progress (1): 0.8/1.1 MB
Progress (1): 0.8/1.1 MB
Progress (1): 0.8/1.1 MB
Progress (1): 0.8/1.1 MB
Progress (1): 0.8/1.1 MB
Progress (1): 0.8/1.1 MB
Progress (1): 0.8/1.1 MB
Progress (1): 0.9/1.1 MB
Progress (1): 0.9/1.1 MB
Progress (1): 0.9/1.1 MB
Progress (1): 0.9/1.1 MB
Progress (1): 0.9/1.1 MB
Progress (1): 0.9/1.1 MB
Progress (1): 1.0/1.1 MB
Progress (1): 1.0/1.1 MB
Progress (1): 1.0/1.1 MB
Progress (1): 1.0/1.1 MB
Progress (1): 1.0/1.1 MB
Progress (1): 1.0/1.1 MB
Progress (1): 1.1/1.1 MB
Progress (1): 1.1/1.1 MB
Progress (1): 1.1 MB    
                    
Downloaded from central: https://repo.maven.apache.org/maven2/org/postgresql/postgresql/42.7.2/postgresql-42.7.2.jar (1.1 MB at 648 kB/s)
Downloading from central: https://repo.maven.apache.org/maven2/org/checkerframework/checker-qual/3.42.0/checker-qual-3.42.0.jar
Progress (1): 16/231 kB
Progress (1): 33/231 kB
Progress (1): 49/231 kB
Progress (1): 66/231 kB
Progress (1): 82/231 kB
Progress (1): 98/231 kB
Progress (1): 115/231 kB
Progress (1): 131/231 kB
Progress (1): 147/231 kB
Progress (1): 164/231 kB
Progress (1): 180/231 kB
Progress (1): 197/231 kB
Progress (1): 213/231 kB
Progress (1): 229/231 kB
Progress (1): 231 kB    
                    
Downloaded from central: https://repo.maven.apache.org/maven2/org/checkerframework/checker-qual/3.42.0/checker-qual-3.42.0.jar (231 kB at 1.0 MB/s)
[INFO] 
[INFO] --- clean:3.2.0:clean (default-clean) @ test_spring_boot ---
[INFO] Deleting /var/lib/jenkins/workspace/webhookProject/target
[INFO] 
[INFO] --- resources:3.3.0:resources (default-resources) @ test_spring_boot ---
[INFO] Copying 1 resource
[INFO] Copying 0 resource
[INFO] 
[INFO] --- compiler:3.10.1:compile (default-compile) @ test_spring_boot ---
[INFO] Changes detected - recompiling the module!
[INFO] Compiling 27 source files to /var/lib/jenkins/workspace/webhookProject/target/classes
[INFO] -------------------------------------------------------------
[ERROR] COMPILATION ERROR : 
[INFO] -------------------------------------------------------------
[ERROR] /var/lib/jenkins/workspace/webhookProject/src/main/java/com/test_spring_boot/test_spring_boot/security/MyUserDetailsService.java:[1,1] class, interface, enum, or record expected
[ERROR] /var/lib/jenkins/workspace/webhookProject/src/main/java/com/test_spring_boot/test_spring_boot/security/MyUserDetailsService.java:[40,1] class, interface, enum, or record expected
[ERROR] /var/lib/jenkins/workspace/webhookProject/src/main/java/com/test_spring_boot/test_spring_boot/security/MyUserDetailsService.java:[44,1] class, interface, enum, or record expected
[ERROR] /var/lib/jenkins/workspace/webhookProject/src/main/java/com/test_spring_boot/test_spring_boot/security/MyUserDetailsService.java:[45,1] class, interface, enum, or record expected
[ERROR] /var/lib/jenkins/workspace/webhookProject/src/main/java/com/test_spring_boot/test_spring_boot/security/MyUserDetailsService.java:[46,1] class, interface, enum, or record expected
[ERROR] /var/lib/jenkins/workspace/webhookProject/src/main/java/com/test_spring_boot/test_spring_boot/security/MyUserDetailsService.java:[47,1] class, interface, enum, or record expected
[ERROR] /var/lib/jenkins/workspace/webhookProject/src/main/java/com/test_spring_boot/test_spring_boot/security/MyUserDetailsService.java:[48,1] class, interface, enum, or record expected
[ERROR] /var/lib/jenkins/workspace/webhookProject/src/main/java/com/test_spring_boot/test_spring_boot/security/MyUserDetailsService.java:[49,1] class, interface, enum, or record expected
[ERROR] /var/lib/jenkins/workspace/webhookProject/src/main/java/com/test_spring_boot/test_spring_boot/security/MyUserDetailsService.java:[50,1] class, interface, enum, or record expected
[ERROR] /var/lib/jenkins/workspace/webhookProject/src/main/java/com/test_spring_boot/test_spring_boot/security/MyUserDetailsService.java:[51,1] class, interface, enum, or record expected
[ERROR] /var/lib/jenkins/workspace/webhookProject/src/main/java/com/test_spring_boot/test_spring_boot/security/MyUserDetailsService.java:[52,1] class, interface, enum, or record expected
[ERROR] /var/lib/jenkins/workspace/webhookProject/src/main/java/com/test_spring_boot/test_spring_boot/security/MyUserDetailsService.java:[54,1] class, interface, enum, or record expected
[ERROR] /var/lib/jenkins/workspace/webhookProject/src/main/java/com/test_spring_boot/test_spring_boot/security/MyUserDetailsService.java:[55,1] class, interface, enum, or record expected
[ERROR] /var/lib/jenkins/workspace/webhookProject/src/main/java/com/test_spring_boot/test_spring_boot/security/MyUserDetailsService.java:[79,1] class, interface, enum, or record expected
[ERROR] /var/lib/jenkins/workspace/webhookProject/src/main/java/com/test_spring_boot/test_spring_boot/services/ProjectServiceImpl.java:[1,1] class, interface, enum, or record expected
[ERROR] /var/lib/jenkins/workspace/webhookProject/src/main/java/com/test_spring_boot/test_spring_boot/services/ProjectServiceImpl.java:[43,1] class, interface, enum, or record expected
[ERROR] /var/lib/jenkins/workspace/webhookProject/src/main/java/com/test_spring_boot/test_spring_boot/services/ProjectServiceImpl.java:[46,1] class, interface, enum, or record expected
[ERROR] /var/lib/jenkins/workspace/webhookProject/src/main/java/com/test_spring_boot/test_spring_boot/services/ProjectServiceImpl.java:[47,1] class, interface, enum, or record expected
[ERROR] /var/lib/jenkins/workspace/webhookProject/src/main/java/com/test_spring_boot/test_spring_boot/services/ProjectServiceImpl.java:[48,1] class, interface, enum, or record expected
[ERROR] /var/lib/jenkins/workspace/webhookProject/src/main/java/com/test_spring_boot/test_spring_boot/services/ProjectServiceImpl.java:[49,1] class, interface, enum, or record expected
[ERROR] /var/lib/jenkins/workspace/webhookProject/src/main/java/com/test_spring_boot/test_spring_boot/services/ProjectServiceImpl.java:[51,1] class, interface, enum, or record expected
[ERROR] /var/lib/jenkins/workspace/webhookProject/src/main/java/com/test_spring_boot/test_spring_boot/services/ProjectServiceImpl.java:[85,1] class, interface, enum, or record expected
[ERROR] /var/lib/jenkins/workspace/webhookProject/src/main/java/com/test_spring_boot/test_spring_boot/services/MailServiceImpl.java:[1,1] class, interface, enum, or record expected
[ERROR] /var/lib/jenkins/workspace/webhookProject/src/main/java/com/test_spring_boot/test_spring_boot/services/MailServiceImpl.java:[35,1] class, interface, enum, or record expected
[ERROR] /var/lib/jenkins/workspace/webhookProject/src/main/java/com/test_spring_boot/test_spring_boot/services/MailServiceImpl.java:[39,1] class, interface, enum, or record expected
[ERROR] /var/lib/jenkins/workspace/webhookProject/src/main/java/com/test_spring_boot/test_spring_boot/services/MailServiceImpl.java:[40,1] class, interface, enum, or record expected
[ERROR] /var/lib/jenkins/workspace/webhookProject/src/main/java/com/test_spring_boot/test_spring_boot/services/MailServiceImpl.java:[41,1] class, interface, enum, or record expected
[ERROR] /var/lib/jenkins/workspace/webhookProject/src/main/java/com/test_spring_boot/test_spring_boot/services/MailServiceImpl.java:[42,1] class, interface, enum, or record expected
[ERROR] /var/lib/jenkins/workspace/webhookProject/src/main/java/com/test_spring_boot/test_spring_boot/services/MailServiceImpl.java:[43,1] class, interface, enum, or record expected
[ERROR] /var/lib/jenkins/workspace/webhookProject/src/main/java/com/test_spring_boot/test_spring_boot/services/MailServiceImpl.java:[44,1] class, interface, enum, or record expected
[ERROR] /var/lib/jenkins/workspace/webhookProject/src/main/java/com/test_spring_boot/test_spring_boot/services/MailServiceImpl.java:[45,1] class, interface, enum, or record expected
[ERROR] /var/lib/jenkins/workspace/webhookProject/src/main/java/com/test_spring_boot/test_spring_boot/services/MailServiceImpl.java:[69,1] class, interface, enum, or record expected
[ERROR] /var/lib/jenkins/workspace/webhookProject/src/main/java/com/test_spring_boot/test_spring_boot/Repositories/RoleRepository.java:[1,1] class, interface, enum, or record expected
[ERROR] /var/lib/jenkins/workspace/webhookProject/src/main/java/com/test_spring_boot/test_spring_boot/Repositories/RoleRepository.java:[12,1] class, interface, enum, or record expected
[ERROR] /var/lib/jenkins/workspace/webhookProject/src/main/java/com/test_spring_boot/test_spring_boot/Repositories/RoleRepository.java:[15,1] class, interface, enum, or record expected
[ERROR] /var/lib/jenkins/workspace/webhookProject/src/main/java/com/test_spring_boot/test_spring_boot/Repositories/RoleRepository.java:[16,1] class, interface, enum, or record expected
[ERROR] /var/lib/jenkins/workspace/webhookProject/src/main/java/com/test_spring_boot/test_spring_boot/Repositories/RoleRepository.java:[17,1] class, interface, enum, or record expected
[ERROR] /var/lib/jenkins/workspace/webhookProject/src/main/java/com/test_spring_boot/test_spring_boot/Repositories/RoleRepository.java:[23,1] class, interface, enum, or record expected
[ERROR] /var/lib/jenkins/workspace/webhookProject/src/main/java/com/test_spring_boot/test_spring_boot/Repositories/ProjectRepository.java:[1,1] class, interface, enum, or record expected
[ERROR] /var/lib/jenkins/workspace/webhookProject/src/main/java/com/test_spring_boot/test_spring_boot/Repositories/ProjectRepository.java:[9,1] class, interface, enum, or record expected
[ERROR] /var/lib/jenkins/workspace/webhookProject/src/main/java/com/test_spring_boot/test_spring_boot/Repositories/ProjectRepository.java:[12,1] class, interface, enum, or record expected
[ERROR] /var/lib/jenkins/workspace/webhookProject/src/main/java/com/test_spring_boot/test_spring_boot/Repositories/ProjectRepository.java:[13,1] class, interface, enum, or record expected
[ERROR] /var/lib/jenkins/workspace/webhookProject/src/main/java/com/test_spring_boot/test_spring_boot/Repositories/ProjectRepository.java:[17,1] class, interface, enum, or record expected
[ERROR] /var/lib/jenkins/workspace/webhookProject/src/main/java/com/test_spring_boot/test_spring_boot/restControllers/MailRestController.java:[1,1] class, interface, enum, or record expected
[ERROR] /var/lib/jenkins/workspace/webhookProject/src/main/java/com/test_spring_boot/test_spring_boot/restControllers/MailRestController.java:[24,1] class, interface, enum, or record expected
[ERROR] /var/lib/jenkins/workspace/webhookProject/src/main/java/com/test_spring_boot/test_spring_boot/restControllers/MailRestController.java:[27,1] class, interface, enum, or record expected
[ERROR] /var/lib/jenkins/workspace/webhookProject/src/main/java/com/test_spring_boot/test_spring_boot/restControllers/MailRestController.java:[28,1] class, interface, enum, or record expected
[ERROR] /var/lib/jenkins/workspace/webhookProject/src/main/java/com/test_spring_boot/test_spring_boot/restControllers/MailRestController.java:[29,1] class, interface, enum, or record expected
[ERROR] /var/lib/jenkins/workspace/webhookProject/src/main/java/com/test_spring_boot/test_spring_boot/restControllers/MailRestController.java:[30,1] class, interface, enum, or record expected
[ERROR] /var/lib/jenkins/workspace/webhookProject/src/main/java/com/test_spring_boot/test_spring_boot/restControllers/MailRestController.java:[47,1] class, interface, enum, or record expected
[ERROR] /var/lib/jenkins/workspace/webhookProject/src/main/java/com/test_spring_boot/test_spring_boot/restControllers/ProjectRestController.java:[1,1] class, interface, enum, or record expected
[ERROR] /var/lib/jenkins/workspace/webhookProject/src/main/java/com/test_spring_boot/test_spring_boot/restControllers/ProjectRestController.java:[51,1] class, interface, enum, or record expected
[ERROR] /var/lib/jenkins/workspace/webhookProject/src/main/java/com/test_spring_boot/test_spring_boot/restControllers/ProjectRestController.java:[55,1] class, interface, enum, or record expected
[ERROR] /var/lib/jenkins/workspace/webhookProject/src/main/java/com/test_spring_boot/test_spring_boot/restControllers/ProjectRestController.java:[56,1] class, interface, enum, or record expected
[ERROR] /var/lib/jenkins/workspace/webhookProject/src/main/java/com/test_spring_boot/test_spring_boot/restControllers/ProjectRestController.java:[57,1] class, interface, enum, or record expected
[ERROR] /var/lib/jenkins/workspace/webhookProject/src/main/java/com/test_spring_boot/test_spring_boot/restControllers/ProjectRestController.java:[58,1] class, interface, enum, or record expected
[ERROR] /var/lib/jenkins/workspace/webhookProject/src/main/java/com/test_spring_boot/test_spring_boot/restControllers/ProjectRestController.java:[59,1] class, interface, enum, or record expected
[ERROR] /var/lib/jenkins/workspace/webhookProject/src/main/java/com/test_spring_boot/test_spring_boot/restControllers/ProjectRestController.java:[60,1] class, interface, enum, or record expected
[ERROR] /var/lib/jenkins/workspace/webhookProject/src/main/java/com/test_spring_boot/test_spring_boot/restControllers/ProjectRestController.java:[61,1] class, interface, enum, or record expected
[ERROR] /var/lib/jenkins/workspace/webhookProject/src/main/java/com/test_spring_boot/test_spring_boot/restControllers/ProjectRestController.java:[63,1] class, interface, enum, or record expected
[ERROR] /var/lib/jenkins/workspace/webhookProject/src/main/java/com/test_spring_boot/test_spring_boot/restControllers/ProjectRestController.java:[101,1] class, interface, enum, or record expected
[ERROR] /var/lib/jenkins/workspace/webhookProject/src/main/java/com/test_spring_boot/test_spring_boot/services/TaskService.java:[1,1] class, interface, enum, or record expected
[ERROR] /var/lib/jenkins/workspace/webhookProject/src/main/java/com/test_spring_boot/test_spring_boot/services/TaskService.java:[20,1] class, interface, enum, or record expected
[ERROR] /var/lib/jenkins/workspace/webhookProject/src/main/java/com/test_spring_boot/test_spring_boot/services/TaskService.java:[23,1] class, interface, enum, or record expected
[ERROR] /var/lib/jenkins/workspace/webhookProject/src/main/java/com/test_spring_boot/test_spring_boot/services/TaskService.java:[25,1] class, interface, enum, or record expected
[ERROR] /var/lib/jenkins/workspace/webhookProject/src/main/java/com/test_spring_boot/test_spring_boot/services/TaskService.java:[39,1] class, interface, enum, or record expected
[ERROR] /var/lib/jenkins/workspace/webhookProject/src/main/java/com/test_spring_boot/test_spring_boot/entities/Role.java:[1,1] class, interface, enum, or record expected
[ERROR] /var/lib/jenkins/workspace/webhookProject/src/main/java/com/test_spring_boot/test_spring_boot/entities/Role.java:[23,1] class, interface, enum, or record expected
[ERROR] /var/lib/jenkins/workspace/webhookProject/src/main/java/com/test_spring_boot/test_spring_boot/entities/Role.java:[26,1] class, interface, enum, or record expected
[ERROR] /var/lib/jenkins/workspace/webhookProject/src/main/java/com/test_spring_boot/test_spring_boot/entities/Role.java:[27,1] class, interface, enum, or record expected
[ERROR] /var/lib/jenkins/workspace/webhookProject/src/main/java/com/test_spring_boot/test_spring_boot/entities/Role.java:[28,1] class, interface, enum, or record expected
[ERROR] /var/lib/jenkins/workspace/webhookProject/src/main/java/com/test_spring_boot/test_spring_boot/entities/Role.java:[29,1] class, interface, enum, or record expected
[ERROR] /var/lib/jenkins/workspace/webhookProject/src/main/java/com/test_spring_boot/test_spring_boot/entities/Role.java:[30,1] class, interface, enum, or record expected
[ERROR] /var/lib/jenkins/workspace/webhookProject/src/main/java/com/test_spring_boot/test_spring_boot/entities/Role.java:[31,1] class, interface, enum, or record expected
[ERROR] /var/lib/jenkins/workspace/webhookProject/src/main/java/com/test_spring_boot/test_spring_boot/entities/Role.java:[32,1] class, interface, enum, or record expected
[ERROR] /var/lib/jenkins/workspace/webhookProject/src/main/java/com/test_spring_boot/test_spring_boot/entities/Role.java:[45,1] class, interface, enum, or record expected
[ERROR] /var/lib/jenkins/workspace/webhookProject/src/main/java/com/test_spring_boot/test_spring_boot/entities/User.java:[1,1] class, interface, enum, or record expected
[ERROR] /var/lib/jenkins/workspace/webhookProject/src/main/java/com/test_spring_boot/test_spring_boot/entities/User.java:[39,1] class, interface, enum, or record expected
[ERROR] /var/lib/jenkins/workspace/webhookProject/src/main/java/com/test_spring_boot/test_spring_boot/entities/User.java:[42,1] class, interface, enum, or record expected
[ERROR] /var/lib/jenkins/workspace/webhookProject/src/main/java/com/test_spring_boot/test_spring_boot/entities/User.java:[43,1] class, interface, enum, or record expected
[ERROR] /var/lib/jenkins/workspace/webhookProject/src/main/java/com/test_spring_boot/test_spring_boot/entities/User.java:[44,1] class, interface, enum, or record expected
[ERROR] /var/lib/jenkins/workspace/webhookProject/src/main/java/com/test_spring_boot/test_spring_boot/entities/User.java:[45,1] class, interface, enum, or record expected
[ERROR] /var/lib/jenkins/workspace/webhookProject/src/main/java/com/test_spring_boot/test_spring_boot/entities/User.java:[46,1] class, interface, enum, or record expected
[ERROR] /var/lib/jenkins/workspace/webhookProject/src/main/java/com/test_spring_boot/test_spring_boot/entities/User.java:[48,1] class, interface, enum, or record expected
[ERROR] /var/lib/jenkins/workspace/webhookProject/src/main/java/com/test_spring_boot/test_spring_boot/entities/User.java:[77,1] class, interface, enum, or record expected
[ERROR] /var/lib/jenkins/workspace/webhookProject/src/main/java/com/test_spring_boot/test_spring_boot/restControllers/UserRestController.java:[1,1] class, interface, enum, or record expected
[ERROR] /var/lib/jenkins/workspace/webhookProject/src/main/java/com/test_spring_boot/test_spring_boot/restControllers/UserRestController.java:[34,1] class, interface, enum, or record expected
[ERROR] /var/lib/jenkins/workspace/webhookProject/src/main/java/com/test_spring_boot/test_spring_boot/restControllers/UserRestController.java:[37,1] class, interface, enum, or record expected
[ERROR] /var/lib/jenkins/workspace/webhookProject/src/main/java/com/test_spring_boot/test_spring_boot/restControllers/UserRestController.java:[38,1] class, interface, enum, or record expected
[ERROR] /var/lib/jenkins/workspace/webhookProject/src/main/java/com/test_spring_boot/test_spring_boot/restControllers/UserRestController.java:[39,1] class, interface, enum, or record expected
[ERROR] /var/lib/jenkins/workspace/webhookProject/src/main/java/com/test_spring_boot/test_spring_boot/restControllers/UserRestController.java:[40,1] class, interface, enum, or record expected
[ERROR] /var/lib/jenkins/workspace/webhookProject/src/main/java/com/test_spring_boot/test_spring_boot/restControllers/UserRestController.java:[42,1] class, interface, enum, or record expected
[ERROR] /var/lib/jenkins/workspace/webhookProject/src/main/java/com/test_spring_boot/test_spring_boot/restControllers/UserRestController.java:[67,1] class, interface, enum, or record expected
[ERROR] /var/lib/jenkins/workspace/webhookProject/src/main/java/com/test_spring_boot/test_spring_boot/services/UserService.java:[1,1] class, interface, enum, or record expected
[ERROR] /var/lib/jenkins/workspace/webhookProject/src/main/java/com/test_spring_boot/test_spring_boot/services/UserService.java:[18,1] class, interface, enum, or record expected
[ERROR] /var/lib/jenkins/workspace/webhookProject/src/main/java/com/test_spring_boot/test_spring_boot/services/UserService.java:[21,1] class, interface, enum, or record expected
[ERROR] /var/lib/jenkins/workspace/webhookProject/src/main/java/com/test_spring_boot/test_spring_boot/services/UserService.java:[23,1] class, interface, enum, or record expected
[ERROR] /var/lib/jenkins/workspace/webhookProject/src/main/java/com/test_spring_boot/test_spring_boot/services/UserService.java:[35,1] class, interface, enum, or record expected
[ERROR] /var/lib/jenkins/workspace/webhookProject/src/main/java/com/test_spring_boot/test_spring_boot/entities/Task.java:[1,1] class, interface, enum, or record expected
[ERROR] /var/lib/jenkins/workspace/webhookProject/src/main/java/com/test_spring_boot/test_spring_boot/entities/Task.java:[33,1] class, interface, enum, or record expected
[INFO] 100 errors 
[INFO] -------------------------------------------------------------
[INFO] ------------------------------------------------------------------------
[INFO] BUILD FAILURE
[INFO] ------------------------------------------------------------------------
[INFO] Total time:  9.428 s
[INFO] Finished at: 2025-12-02T15:04:00+01:00
[INFO] ------------------------------------------------------------------------
[ERROR] Failed to execute goal org.apache.maven.plugins:maven-compiler-plugin:3.10.1:compile (default-compile) on project test_spring_boot: Compilation failure: Compilation failure: 
[ERROR] /var/lib/jenkins/workspace/webhookProject/src/main/java/com/test_spring_boot/test_spring_boot/security/MyUserDetailsService.java:[1,1] class, interface, enum, or record expected
[ERROR] /var/lib/jenkins/workspace/webhookProject/src/main/java/com/test_spring_boot/test_spring_boot/security/MyUserDetailsService.java:[40,1] class, interface, enum, or record expected
[ERROR] /var/lib/jenkins/workspace/webhookProject/src/main/java/com/test_spring_boot/test_spring_boot/security/MyUserDetailsService.java:[44,1] class, interface, enum, or record expected
[ERROR] /var/lib/jenkins/workspace/webhookProject/src/main/java/com/test_spring_boot/test_spring_boot/security/MyUserDetailsService.java:[45,1] class, interface, enum, or record expected
[ERROR] /var/lib/jenkins/workspace/webhookProject/src/main/java/com/test_spring_boot/test_spring_boot/security/MyUserDetailsService.java:[46,1] class, interface, enum, or record expected
[ERROR] /var/lib/jenkins/workspace/webhookProject/src/main/java/com/test_spring_boot/test_spring_boot/security/MyUserDetailsService.java:[47,1] class, interface, enum, or record expected
[ERROR] /var/lib/jenkins/workspace/webhookProject/src/main/java/com/test_spring_boot/test_spring_boot/security/MyUserDetailsService.java:[48,1] class, interface, enum, or record expected
[ERROR] /var/lib/jenkins/workspace/webhookProject/src/main/java/com/test_spring_boot/test_spring_boot/security/MyUserDetailsService.java:[49,1] class, interface, enum, or record expected
[ERROR] /var/lib/jenkins/workspace/webhookProject/src/main/java/com/test_spring_boot/test_spring_boot/security/MyUserDetailsService.java:[50,1] class, interface, enum, or record expected
[ERROR] /var/lib/jenkins/workspace/webhookProject/src/main/java/com/test_spring_boot/test_spring_boot/security/MyUserDetailsService.java:[51,1] class, interface, enum, or record expected
[ERROR] /var/lib/jenkins/workspace/webhookProject/src/main/java/com/test_spring_boot/test_spring_boot/security/MyUserDetailsService.java:[52,1] class, interface, enum, or record expected
[ERROR] /var/lib/jenkins/workspace/webhookProject/src/main/java/com/test_spring_boot/test_spring_boot/security/MyUserDetailsService.java:[54,1] class, interface, enum, or record expected
[ERROR] /var/lib/jenkins/workspace/webhookProject/src/main/java/com/test_spring_boot/test_spring_boot/security/MyUserDetailsService.java:[55,1] class, interface, enum, or record expected
[ERROR] /var/lib/jenkins/workspace/webhookProject/src/main/java/com/test_spring_boot/test_spring_boot/security/MyUserDetailsService.java:[79,1] class, interface, enum, or record expected
[ERROR] /var/lib/jenkins/workspace/webhookProject/src/main/java/com/test_spring_boot/test_spring_boot/services/ProjectServiceImpl.java:[1,1] class, interface, enum, or record expected
[ERROR] /var/lib/jenkins/workspace/webhookProject/src/main/java/com/test_spring_boot/test_spring_boot/services/ProjectServiceImpl.java:[43,1] class, interface, enum, or record expected
[ERROR] /var/lib/jenkins/workspace/webhookProject/src/main/java/com/test_spring_boot/test_spring_boot/services/ProjectServiceImpl.java:[46,1] class, interface, enum, or record expected
[ERROR] /var/lib/jenkins/workspace/webhookProject/src/main/java/com/test_spring_boot/test_spring_boot/services/ProjectServiceImpl.java:[47,1] class, interface, enum, or record expected
[ERROR] /var/lib/jenkins/workspace/webhookProject/src/main/java/com/test_spring_boot/test_spring_boot/services/ProjectServiceImpl.java:[48,1] class, interface, enum, or record expected
[ERROR] /var/lib/jenkins/workspace/webhookProject/src/main/java/com/test_spring_boot/test_spring_boot/services/ProjectServiceImpl.java:[49,1] class, interface, enum, or record expected
[ERROR] /var/lib/jenkins/workspace/webhookProject/src/main/java/com/test_spring_boot/test_spring_boot/services/ProjectServiceImpl.java:[51,1] class, interface, enum, or record expected
[ERROR] /var/lib/jenkins/workspace/webhookProject/src/main/java/com/test_spring_boot/test_spring_boot/services/ProjectServiceImpl.java:[85,1] class, interface, enum, or record expected
[ERROR] /var/lib/jenkins/workspace/webhookProject/src/main/java/com/test_spring_boot/test_spring_boot/services/MailServiceImpl.java:[1,1] class, interface, enum, or record expected
[ERROR] /var/lib/jenkins/workspace/webhookProject/src/main/java/com/test_spring_boot/test_spring_boot/services/MailServiceImpl.java:[35,1] class, interface, enum, or record expected
[ERROR] /var/lib/jenkins/workspace/webhookProject/src/main/java/com/test_spring_boot/test_spring_boot/services/MailServiceImpl.java:[39,1] class, interface, enum, or record expected
[ERROR] /var/lib/jenkins/workspace/webhookProject/src/main/java/com/test_spring_boot/test_spring_boot/services/MailServiceImpl.java:[40,1] class, interface, enum, or record expected
[ERROR] /var/lib/jenkins/workspace/webhookProject/src/main/java/com/test_spring_boot/test_spring_boot/services/MailServiceImpl.java:[41,1] class, interface, enum, or record expected
[ERROR] /var/lib/jenkins/workspace/webhookProject/src/main/java/com/test_spring_boot/test_spring_boot/services/MailServiceImpl.java:[42,1] class, interface, enum, or record expected
[ERROR] /var/lib/jenkins/workspace/webhookProject/src/main/java/com/test_spring_boot/test_spring_boot/services/MailServiceImpl.java:[43,1] class, interface, enum, or record expected
[ERROR] /var/lib/jenkins/workspace/webhookProject/src/main/java/com/test_spring_boot/test_spring_boot/services/MailServiceImpl.java:[44,1] class, interface, enum, or record expected
[ERROR] /var/lib/jenkins/workspace/webhookProject/src/main/java/com/test_spring_boot/test_spring_boot/services/MailServiceImpl.java:[45,1] class, interface, enum, or record expected
[ERROR] /var/lib/jenkins/workspace/webhookProject/src/main/java/com/test_spring_boot/test_spring_boot/services/MailServiceImpl.java:[69,1] class, interface, enum, or record expected
[ERROR] /var/lib/jenkins/workspace/webhookProject/src/main/java/com/test_spring_boot/test_spring_boot/Repositories/RoleRepository.java:[1,1] class, interface, enum, or record expected
[ERROR] /var/lib/jenkins/workspace/webhookProject/src/main/java/com/test_spring_boot/test_spring_boot/Repositories/RoleRepository.java:[12,1] class, interface, enum, or record expected
[ERROR] /var/lib/jenkins/workspace/webhookProject/src/main/java/com/test_spring_boot/test_spring_boot/Repositories/RoleRepository.java:[15,1] class, interface, enum, or record expected
[ERROR] /var/lib/jenkins/workspace/webhookProject/src/main/java/com/test_spring_boot/test_spring_boot/Repositories/RoleRepository.java:[16,1] class, interface, enum, or record expected
[ERROR] /var/lib/jenkins/workspace/webhookProject/src/main/java/com/test_spring_boot/test_spring_boot/Repositories/RoleRepository.java:[17,1] class, interface, enum, or record expected
[ERROR] /var/lib/jenkins/workspace/webhookProject/src/main/java/com/test_spring_boot/test_spring_boot/Repositories/RoleRepository.java:[23,1] class, interface, enum, or record expected
[ERROR] /var/lib/jenkins/workspace/webhookProject/src/main/java/com/test_spring_boot/test_spring_boot/Repositories/ProjectRepository.java:[1,1] class, interface, enum, or record expected
[ERROR] /var/lib/jenkins/workspace/webhookProject/src/main/java/com/test_spring_boot/test_spring_boot/Repositories/ProjectRepository.java:[9,1] class, interface, enum, or record expected
[ERROR] /var/lib/jenkins/workspace/webhookProject/src/main/java/com/test_spring_boot/test_spring_boot/Repositories/ProjectRepository.java:[12,1] class, interface, enum, or record expected
[ERROR] /var/lib/jenkins/workspace/webhookProject/src/main/java/com/test_spring_boot/test_spring_boot/Repositories/ProjectRepository.java:[13,1] class, interface, enum, or record expected
[ERROR] /var/lib/jenkins/workspace/webhookProject/src/main/java/com/test_spring_boot/test_spring_boot/Repositories/ProjectRepository.java:[17,1] class, interface, enum, or record expected
[ERROR] /var/lib/jenkins/workspace/webhookProject/src/main/java/com/test_spring_boot/test_spring_boot/restControllers/MailRestController.java:[1,1] class, interface, enum, or record expected
[ERROR] /var/lib/jenkins/workspace/webhookProject/src/main/java/com/test_spring_boot/test_spring_boot/restControllers/MailRestController.java:[24,1] class, interface, enum, or record expected
[ERROR] /var/lib/jenkins/workspace/webhookProject/src/main/java/com/test_spring_boot/test_spring_boot/restControllers/MailRestController.java:[27,1] class, interface, enum, or record expected
[ERROR] /var/lib/jenkins/workspace/webhookProject/src/main/java/com/test_spring_boot/test_spring_boot/restControllers/MailRestController.java:[28,1] class, interface, enum, or record expected
[ERROR] /var/lib/jenkins/workspace/webhookProject/src/main/java/com/test_spring_boot/test_spring_boot/restControllers/MailRestController.java:[29,1] class, interface, enum, or record expected
[ERROR] /var/lib/jenkins/workspace/webhookProject/src/main/java/com/test_spring_boot/test_spring_boot/restControllers/MailRestController.java:[30,1] class, interface, enum, or record expected
[ERROR] /var/lib/jenkins/workspace/webhookProject/src/main/java/com/test_spring_boot/test_spring_boot/restControllers/MailRestController.java:[47,1] class, interface, enum, or record expected
[ERROR] /var/lib/jenkins/workspace/webhookProject/src/main/java/com/test_spring_boot/test_spring_boot/restControllers/ProjectRestController.java:[1,1] class, interface, enum, or record expected
[ERROR] /var/lib/jenkins/workspace/webhookProject/src/main/java/com/test_spring_boot/test_spring_boot/restControllers/ProjectRestController.java:[51,1] class, interface, enum, or record expected
[ERROR] /var/lib/jenkins/workspace/webhookProject/src/main/java/com/test_spring_boot/test_spring_boot/restControllers/ProjectRestController.java:[55,1] class, interface, enum, or record expected
[ERROR] /var/lib/jenkins/workspace/webhookProject/src/main/java/com/test_spring_boot/test_spring_boot/restControllers/ProjectRestController.java:[56,1] class, interface, enum, or record expected
[ERROR] /var/lib/jenkins/workspace/webhookProject/src/main/java/com/test_spring_boot/test_spring_boot/restControllers/ProjectRestController.java:[57,1] class, interface, enum, or record expected
[ERROR] /var/lib/jenkins/workspace/webhookProject/src/main/java/com/test_spring_boot/test_spring_boot/restControllers/ProjectRestController.java:[58,1] class, interface, enum, or record expected
[ERROR] /var/lib/jenkins/workspace/webhookProject/src/main/java/com/test_spring_boot/test_spring_boot/restControllers/ProjectRestController.java:[59,1] class, interface, enum, or record expected
[ERROR] /var/lib/jenkins/workspace/webhookProject/src/main/java/com/test_spring_boot/test_spring_boot/restControllers/ProjectRestController.java:[60,1] class, interface, enum, or record expected
[ERROR] /var/lib/jenkins/workspace/webhookProject/src/main/java/com/test_spring_boot/test_spring_boot/restControllers/ProjectRestController.java:[61,1] class, interface, enum, or record expected
[ERROR] /var/lib/jenkins/workspace/webhookProject/src/main/java/com/test_spring_boot/test_spring_boot/restControllers/ProjectRestController.java:[63,1] class, interface, enum, or record expected
[ERROR] /var/lib/jenkins/workspace/webhookProject/src/main/java/com/test_spring_boot/test_spring_boot/restControllers/ProjectRestController.java:[101,1] class, interface, enum, or record expected
[ERROR] /var/lib/jenkins/workspace/webhookProject/src/main/java/com/test_spring_boot/test_spring_boot/services/TaskService.java:[1,1] class, interface, enum, or record expected
[ERROR] /var/lib/jenkins/workspace/webhookProject/src/main/java/com/test_spring_boot/test_spring_boot/services/TaskService.java:[20,1] class, interface, enum, or record expected
[ERROR] /var/lib/jenkins/workspace/webhookProject/src/main/java/com/test_spring_boot/test_spring_boot/services/TaskService.java:[23,1] class, interface, enum, or record expected
[ERROR] /var/lib/jenkins/workspace/webhookProject/src/main/java/com/test_spring_boot/test_spring_boot/services/TaskService.java:[25,1] class, interface, enum, or record expected
[ERROR] /var/lib/jenkins/workspace/webhookProject/src/main/java/com/test_spring_boot/test_spring_boot/services/TaskService.java:[39,1] class, interface, enum, or record expected
[ERROR] /var/lib/jenkins/workspace/webhookProject/src/main/java/com/test_spring_boot/test_spring_boot/entities/Role.java:[1,1] class, interface, enum, or record expected
[ERROR] /var/lib/jenkins/workspace/webhookProject/src/main/java/com/test_spring_boot/test_spring_boot/entities/Role.java:[23,1] class, interface, enum, or record expected
[ERROR] /var/lib/jenkins/workspace/webhookProject/src/main/java/com/test_spring_boot/test_spring_boot/entities/Role.java:[26,1] class, interface, enum, or record expected
[ERROR] /var/lib/jenkins/workspace/webhookProject/src/main/java/com/test_spring_boot/test_spring_boot/entities/Role.java:[27,1] class, interface, enum, or record expected
[ERROR] /var/lib/jenkins/workspace/webhookProject/src/main/java/com/test_spring_boot/test_spring_boot/entities/Role.java:[28,1] class, interface, enum, or record expected
[ERROR] /var/lib/jenkins/workspace/webhookProject/src/main/java/com/test_spring_boot/test_spring_boot/entities/Role.java:[29,1] class, interface, enum, or record expected
[ERROR] /var/lib/jenkins/workspace/webhookProject/src/main/java/com/test_spring_boot/test_spring_boot/entities/Role.java:[30,1] class, interface, enum, or record expected
[ERROR] /var/lib/jenkins/workspace/webhookProject/src/main/java/com/test_spring_boot/test_spring_boot/entities/Role.java:[31,1] class, interface, enum, or record expected
[ERROR] /var/lib/jenkins/workspace/webhookProject/src/main/java/com/test_spring_boot/test_spring_boot/entities/Role.java:[32,1] class, interface, enum, or record expected
[ERROR] /var/lib/jenkins/workspace/webhookProject/src/main/java/com/test_spring_boot/test_spring_boot/entities/Role.java:[45,1] class, interface, enum, or record expected
[ERROR] /var/lib/jenkins/workspace/webhookProject/src/main/java/com/test_spring_boot/test_spring_boot/entities/User.java:[1,1] class, interface, enum, or record expected
[ERROR] /var/lib/jenkins/workspace/webhookProject/src/main/java/com/test_spring_boot/test_spring_boot/entities/User.java:[39,1] class, interface, enum, or record expected
[ERROR] /var/lib/jenkins/workspace/webhookProject/src/main/java/com/test_spring_boot/test_spring_boot/entities/User.java:[42,1] class, interface, enum, or record expected
[ERROR] /var/lib/jenkins/workspace/webhookProject/src/main/java/com/test_spring_boot/test_spring_boot/entities/User.java:[43,1] class, interface, enum, or record expected
[ERROR] /var/lib/jenkins/workspace/webhookProject/src/main/java/com/test_spring_boot/test_spring_boot/entities/User.java:[44,1] class, interface, enum, or record expected
[ERROR] /var/lib/jenkins/workspace/webhookProject/src/main/java/com/test_spring_boot/test_spring_boot/entities/User.java:[45,1] class, interface, enum, or record expected
[ERROR] /var/lib/jenkins/workspace/webhookProject/src/main/java/com/test_spring_boot/test_spring_boot/entities/User.java:[46,1] class, interface, enum, or record expected
[ERROR] /var/lib/jenkins/workspace/webhookProject/src/main/java/com/test_spring_boot/test_spring_boot/entities/User.java:[48,1] class, interface, enum, or record expected
[ERROR] /var/lib/jenkins/workspace/webhookProject/src/main/java/com/test_spring_boot/test_spring_boot/entities/User.java:[77,1] class, interface, enum, or record expected
[ERROR] /var/lib/jenkins/workspace/webhookProject/src/main/java/com/test_spring_boot/test_spring_boot/restControllers/UserRestController.java:[1,1] class, interface, enum, or record expected
[ERROR] /var/lib/jenkins/workspace/webhookProject/src/main/java/com/test_spring_boot/test_spring_boot/restControllers/UserRestController.java:[34,1] class, interface, enum, or record expected
[ERROR] /var/lib/jenkins/workspace/webhookProject/src/main/java/com/test_spring_boot/test_spring_boot/restControllers/UserRestController.java:[37,1] class, interface, enum, or record expected
[ERROR] /var/lib/jenkins/workspace/webhookProject/src/main/java/com/test_spring_boot/test_spring_boot/restControllers/UserRestController.java:[38,1] class, interface, enum, or record expected
[ERROR] /var/lib/jenkins/workspace/webhookProject/src/main/java/com/test_spring_boot/test_spring_boot/restControllers/UserRestController.java:[39,1] class, interface, enum, or record expected
[ERROR] /var/lib/jenkins/workspace/webhookProject/src/main/java/com/test_spring_boot/test_spring_boot/restControllers/UserRestController.java:[40,1] class, interface, enum, or record expected
[ERROR] /var/lib/jenkins/workspace/webhookProject/src/main/java/com/test_spring_boot/test_spring_boot/restControllers/UserRestController.java:[42,1] class, interface, enum, or record expected
[ERROR] /var/lib/jenkins/workspace/webhookProject/src/main/java/com/test_spring_boot/test_spring_boot/restControllers/UserRestController.java:[67,1] class, interface, enum, or record expected
[ERROR] /var/lib/jenkins/workspace/webhookProject/src/main/java/com/test_spring_boot/test_spring_boot/services/UserService.java:[1,1] class, interface, enum, or record expected
[ERROR] /var/lib/jenkins/workspace/webhookProject/src/main/java/com/test_spring_boot/test_spring_boot/services/UserService.java:[18,1] class, interface, enum, or record expected
[ERROR] /var/lib/jenkins/workspace/webhookProject/src/main/java/com/test_spring_boot/test_spring_boot/services/UserService.java:[21,1] class, interface, enum, or record expected
[ERROR] /var/lib/jenkins/workspace/webhookProject/src/main/java/com/test_spring_boot/test_spring_boot/services/UserService.java:[23,1] class, interface, enum, or record expected
[ERROR] /var/lib/jenkins/workspace/webhookProject/src/main/java/com/test_spring_boot/test_spring_boot/services/UserService.java:[35,1] class, interface, enum, or record expected
[ERROR] /var/lib/jenkins/workspace/webhookProject/src/main/java/com/test_spring_boot/test_spring_boot/entities/Task.java:[1,1] class, interface, enum, or record expected
[ERROR] /var/lib/jenkins/workspace/webhookProject/src/main/java/com/test_spring_boot/test_spring_boot/entities/Task.java:[33,1] class, interface, enum, or record expected
[ERROR] -> [Help 1]
[ERROR] 
[ERROR] To see the full stack trace of the errors, re-run Maven with the -e switch.
[ERROR] Re-run Maven using the -X switch to enable full debug logging.
[ERROR] 
[ERROR] For more information about the errors and possible solutions, please read the following articles:
[ERROR] [Help 1] http://cwiki.apache.org/confluence/display/MAVEN/MojoFailureException
[Pipeline] }
[Pipeline] // withEnv
[Pipeline] }
[Pipeline] // stage
[Pipeline] stage
[Pipeline] { (Test Webhook)
Stage "Test Webhook" skipped due to earlier failure(s)
[Pipeline] getContext
[Pipeline] }
[Pipeline] // stage
[Pipeline] stage
[Pipeline] { (Declarative: Post Actions)
[Pipeline] echo
====== √âtape toujours ex√©cut√©e ======
[Pipeline] echo
D√©clencheur: UNKNOWN
[Pipeline] echo
Dur√©e: 15 s et d√©compte
[Pipeline] echo
====== √âchec de l'ex√©cution du pipeline ======
[Pipeline] }
[Pipeline] // stage
[Pipeline] }
[Pipeline] // withEnv
[Pipeline] }
[Pipeline] // timeout
[Pipeline] }
[Pipeline] // withEnv
[Pipeline] }
[Pipeline] // withEnv
[Pipeline] }
[Pipeline] // node
[Pipeline] End of Pipeline
ERROR: script returned exit code 1
Finished: FAILURE
